<?xml version="1.0"?>
<component name="org.nuxeo.ecm.diff.service.DiffDisplayService.contrib.ftest">

  <require>
    org.nuxeo.ecm.diff.service.DiffDisplayService.contrib
  </require>

  <extension target="org.nuxeo.ecm.diff.service.DiffDisplayService"
    point="diffDefaultDisplay">

    <diffExcludedFields schema="dublincore">
      <fields>
        <field name="subjects" />
        <field name="modified" />
      </fields>
    </diffExcludedFields>

    <diffComplexField schema="complextypes" name="complex">
      <includedItems>
        <item name="dateItem" />
        <item name="stringItem" />
      </includedItems>
    </diffComplexField>

    <diffComplexField schema="complextypes" name="complexList">
      <excludedItems>
        <item name="stringItem" />
        <item name="dateItem" />
      </excludedItems>
    </diffComplexField>

  </extension>

  <extension target="org.nuxeo.ecm.diff.service.DiffDisplayService"
    point="diffDisplay">

    <!-- SampleType diffDisplay -->
    <diffDisplay type="SampleType">
      <diffBlocks>
        <diffBlock name="dublincore" />
        <diffBlock name="files" />
        <diffBlock name="simpleTypes" />
        <diffBlock name="complexTypesAndListOfLists" />
        <diffBlock name="customFiles" />
      </diffBlocks>
    </diffDisplay>

    <!-- Headphone diffDisplay -->
    <diffDisplay type="Headphone">
      <diffBlocks>
        <diffBlock name="generalInfo" />
        <diffBlock name="techData" />
        <diffBlock name="distribution" />
      </diffBlocks>
    </diffDisplay>

  </extension>

  <extension target="org.nuxeo.ecm.diff.service.DiffDisplayService"
    point="diffBlock">

    <!-- simpleTypes diffBlock -->
    <diffBlock name="simpleTypes">
      <properties mode="any">
        <property name="label">label.diffBlock.simpleTypes</property>
      </properties>
      <fields>
        <field schema="simpletypes" name="string" />
        <field schema="simpletypes" name="textarea"
          displayContentDiffLinks="true" />
        <field schema="simpletypes" name="boolean" />
        <field schema="simpletypes" name="integer" />
        <field schema="simpletypes" name="date" />
        <field schema="simpletypes" name="htmlText"
          displayContentDiffLinks="true" />
        <field schema="simpletypes" name="multivalued" />
      </fields>
      <templates>
        <template mode="any">/layouts/layout_diff_template.xhtml
        </template>
      </templates>
    </diffBlock>

    <!-- complexTypesAndListOfLists diffBlock -->
    <diffBlock name="complexTypesAndListOfLists">
      <properties mode="any">
        <property name="label">label.diffBlock.complexTypesAndListOfLists
        </property>
      </properties>
      <fields>
        <field schema="complextypes" name="complex">
          <items>
            <item name="stringItem" displayContentDiffLinks="true" />
            <item name="integerItem" />
            <item name="dateItem" />
            <item name="booleanItem" />
          </items>
        </field>
        <field schema="complextypes" name="complexList">
          <items>
            <item name="stringItem" displayContentDiffLinks="true" />
            <item name="dateItem" />
            <item name="integerItem" />
          </items>
        </field>
        <field schema="listoflists" name="listOfLists" />
      </fields>
      <templates>
        <template mode="any">/layouts/layout_diff_template.xhtml
        </template>
      </templates>
    </diffBlock>

    <!-- customFiles diffBlock -->
    <diffBlock name="customFiles">
      <properties mode="any">
        <property name="label">label.diffBlock.customFiles</property>
      </properties>
      <fields>
        <field schema="customfiles" name="customFile"
          displayContentDiffLinks="true" />
        <field schema="customfiles" name="customFiles">
          <items>
            <item name="item" displayContentDiffLinks="true" />
          </items>
        </field>
      </fields>
      <templates>
        <template mode="any">/layouts/layout_diff_template.xhtml
        </template>
      </templates>
    </diffBlock>

    <!-- generalInfo diffBlock (Headphone) -->
    <diffBlock name="generalInfo">
      <properties mode="any">
        <property name="label">label.diffBlock.generalInfo</property>
      </properties>
      <fields>
        <field schema="headphone" name="product_code" />
        <field schema="headphone" name="type" />
      </fields>
      <templates>
        <template mode="any">/layouts/layout_diff_template.xhtml
        </template>
      </templates>
    </diffBlock>

    <!-- techData diffBlock (Headphone) -->
    <diffBlock name="techData">
      <properties mode="any">
        <property name="label">label.diffBlock.techData</property>
      </properties>
      <fields>
        <field schema="headphone" name="frequency_response">
          <items>
            <item name="range" />
            <item name="unit" />
          </items>
        </field>
        <field schema="headphone" name="impedance">
          <items>
            <item name="value" />
            <item name="unit" />
          </items>
        </field>
      </fields>
      <templates>
        <template mode="any">/layouts/layout_diff_template.xhtml
        </template>
      </templates>
    </diffBlock>

    <!-- distribution diffBlock (Headphone) -->
    <diffBlock name="distribution">
      <properties mode="any">
        <property name="label">label.diffBlock.distribution</property>
      </properties>
      <fields>
        <field schema="headphone" name="retailers">
          <items>
            <item name="name" />
            <item name="quantity" />
            <item name="price" />
          </items>
        </field>
      </fields>
      <templates>
        <template mode="any">/layouts/layout_diff_template.xhtml
        </template>
      </templates>
    </diffBlock>

  </extension>

</component>
