<?xml version="1.0"?>
<component name="org.nuxeo.ecm.diff.service.DiffDisplayService.contrib.ftest">

  <require>
    org.nuxeo.ecm.diff.service.DiffDisplayService.contrib
  </require>

  <extension target="org.nuxeo.ecm.diff.service.DiffDisplayService"
    point="diffDisplay">

    <!-- Override File diffDisplay -->
    <diffDisplay type="File">
      <diffBlocks>
        <diffBlock name="heading" />
        <diffBlock name="files" />
        <diffBlock name="testNoFields" />
      </diffBlocks>
    </diffDisplay>

    <!-- SampleType diffDisplay -->
    <diffDisplay type="SampleType">
      <diffBlocks>
        <diffBlock name="heading" />
        <diffBlock name="dublincore" />
        <diffBlock name="files" />
        <diffBlock name="simpleTypes" />
        <diffBlock name="complexTypesAndListOfLists" />
      </diffBlocks>
    </diffDisplay>

    <!-- Headphone diffDisplay -->
    <diffDisplay type="Headphone">
      <diffBlocks>
        <diffBlock name="heading" />
        <diffBlock name="generalInfo" />
        <diffBlock name="techData" />
        <diffBlock name="distribution" />
      </diffBlocks>
    </diffDisplay>

  </extension>

  <extension target="org.nuxeo.ecm.diff.service.DiffDisplayService"
    point="diffBlock">

    <!-- No fields diffBlock -->
    <diffBlock name="testNoFields" />

    <!-- simpleTypes diffBlock -->
    <diffBlock name="simpleTypes" label="label.diffBlock.simpleTypes">
      <fields>
        <field schema="simpletypes" name="string" />
        <field schema="simpletypes" name="textarea"
          displayContentDiffLinks="true" />
        <field schema="simpletypes" name="boolean" />
        <field schema="simpletypes" name="integer" />
        <field schema="simpletypes" name="date" />
        <field schema="simpletypes" name="htmlText"
          displayContentDiffLinks="true" />
        <field schema="simpletypes" name="multivalued" />
      </fields>
    </diffBlock>

    <!-- complexTypesAndListOfLists diffBlock -->
    <diffBlock name="complexTypesAndListOfLists"
      label="label.diffBlock.complexTypesAndListOfLists">
      <fields>
        <field schema="complextypes" name="complex">
          <items>
            <item name="stringItem" displayContentDiffLinks="true" />
            <item name="integerItem" />
            <item name="dateItem" />
            <item name="booleanItem" />
          </items>
        </field>
        <field schema="complextypes" name="complexList">
          <items>
            <item name="stringItem" displayContentDiffLinks="true" />
            <item name="dateItem" />
            <item name="integerItem" />
          </items>
        </field>
        <field schema="listoflists" name="listOfLists" />
      </fields>
    </diffBlock>

    <!-- generalInfo diffBlock (Headphone) -->
    <diffBlock name="generalInfo" label="label.diffBlock.generalInfo">
      <fields>
        <field schema="headphone" name="product_code" />
        <field schema="headphone" name="type" />
      </fields>
    </diffBlock>

    <!-- techData diffBlock (Headphone) -->
    <diffBlock name="techData" label="label.diffBlock.techData">
      <fields>
        <field schema="headphone" name="frequency_response">
          <items>
            <item name="range" />
            <item name="unit" />
          </items>
        </field>
        <field schema="headphone" name="impedance">
          <items>
            <item name="value" />
            <item name="unit" />
          </items>
        </field>
      </fields>
    </diffBlock>

    <!-- distribution diffBlock (Headphone) -->
    <diffBlock name="distribution" label="label.diffBlock.distribution">
      <fields>
        <field schema="headphone" name="retailers">
          <items>
            <item name="name" />
            <item name="quantity" />
            <item name="price" />
          </items>
        </field>
      </fields>
    </diffBlock>

  </extension>

</component>
